naxobrowser/app/build/intermediates/manifest_merge_blame_file/debug/manifest-merger-blame-debug-report.txt
1<?xml version="1.0" encoding="utf-8"?>
2<manifest xmlns:android="http://schemas.android.com/apk/res/android"
3    package="com.naxobrowser"
4    android:versionCode="1"
5    android:versionName="1.0" >
6
7    <uses-sdk
8        android:minSdkVersion="21"
9        android:targetSdkVersion="34" />
10
11    <uses-permission android:name="android.permission.INTERNET" />
11-->src/main/AndroidManifest.xml:5:5-67
11-->src/main/AndroidManifest.xml:5:22-64
12    <uses-permission android:name="android.permission.WRITE_EXTERNAL_STORAGE" />
12-->src/main/AndroidManifest.xml:6:5-81
12-->src/main/AndroidManifest.xml:6:22-78
13    <uses-permission android:name="android.permission.READ_EXTERNAL_STORAGE" />
13-->src/main/AndroidManifest.xml:7:5-80
13-->src/main/AndroidManifest.xml:7:22-77
14    <uses-permission android:name="android.permission.ACCESS_NETWORK_STATE" />
14-->src/main/AndroidManifest.xml:8:5-79
14-->src/main/AndroidManifest.xml:8:22-76
15    <uses-permission android:name="android.permission.ACCESS_WIFI_STATE" />
15-->src/main/AndroidManifest.xml:9:5-76
15-->src/main/AndroidManifest.xml:9:22-73
16    <uses-permission android:name="android.permission.CHANGE_WIFI_STATE" />
16-->src/main/AndroidManifest.xml:10:5-76
16-->src/main/AndroidManifest.xml:10:22-73
17    <uses-permission android:name="android.permission.CHANGE_NETWORK_STATE" />
17-->src/main/AndroidManifest.xml:11:5-79
17-->src/main/AndroidManifest.xml:11:22-76
18
19    <permission
19-->[androidx.core:core:1.9.0] AndroidManifest.xml:22:5-24:47
20        android:name="com.naxobrowser.DYNAMIC_RECEIVER_NOT_EXPORTED_PERMISSION"
20-->[androidx.core:core:1.9.0] AndroidManifest.xml:23:9-81
21        android:protectionLevel="signature" />
21-->[androidx.core:core:1.9.0] AndroidManifest.xml:24:9-44
22
23    <uses-permission android:name="com.naxobrowser.DYNAMIC_RECEIVER_NOT_EXPORTED_PERMISSION" />
23-->[androidx.core:core:1.9.0] AndroidManifest.xml:26:5-97
23-->[androidx.core:core:1.9.0] AndroidManifest.xml:26:22-94
24
25    <application
25-->src/main/AndroidManifest.xml:13:5-49:19
26        android:allowBackup="true"
26-->src/main/AndroidManifest.xml:14:9-35
27        android:appComponentFactory="androidx.core.app.CoreComponentFactory"
27-->[androidx.core:core:1.9.0] AndroidManifest.xml:28:18-86
28        android:debuggable="true"
29        android:extractNativeLibs="true"
30        android:hardwareAccelerated="true"
30-->src/main/AndroidManifest.xml:20:9-43
31        android:icon="@drawable/ic_launcher"
31-->src/main/AndroidManifest.xml:15:9-45
32        android:label="Naxo Browser"
32-->src/main/AndroidManifest.xml:16:9-37
33        android:networkSecurityConfig="@xml/network_security_config"
33-->src/main/AndroidManifest.xml:18:9-69
34        android:theme="@style/AppTheme"
34-->src/main/AndroidManifest.xml:17:9-40
35        android:usesCleartextTraffic="true" >
35-->src/main/AndroidManifest.xml:19:9-44
36        <activity
36-->src/main/AndroidManifest.xml:22:9-29:20
37            android:name="com.naxobrowser.MainActivity"
37-->src/main/AndroidManifest.xml:23:13-41
38            android:exported="true" >
38-->src/main/AndroidManifest.xml:24:13-36
39            <intent-filter>
39-->src/main/AndroidManifest.xml:25:13-28:29
40                <action android:name="android.intent.action.MAIN" />
40-->src/main/AndroidManifest.xml:26:17-69
40-->src/main/AndroidManifest.xml:26:25-66
41
42                <category android:name="android.intent.category.LAUNCHER" />
42-->src/main/AndroidManifest.xml:27:17-77
42-->src/main/AndroidManifest.xml:27:27-74
43            </intent-filter>
44        </activity>
45        <activity
45-->src/main/AndroidManifest.xml:31:9-33:46
46            android:name="com.naxobrowser.CookieManagerActivity"
46-->src/main/AndroidManifest.xml:32:13-50
47            android:label="Cookie Manager" />
47-->src/main/AndroidManifest.xml:33:13-43
48        <activity
48-->src/main/AndroidManifest.xml:35:9-37:46
49            android:name="com.naxobrowser.CookieImportActivity"
49-->src/main/AndroidManifest.xml:36:13-49
50            android:label="Import Cookies" />
50-->src/main/AndroidManifest.xml:37:13-43
51        <activity
51-->src/main/AndroidManifest.xml:39:9-41:47
52            android:name="com.naxobrowser.VideoListActivity"
52-->src/main/AndroidManifest.xml:40:13-46
53            android:label="Detected Videos" />
53-->src/main/AndroidManifest.xml:41:13-44
54        <activity
54-->src/main/AndroidManifest.xml:43:9-47:77
55            android:name="com.naxobrowser.VideoPlayerActivity"
55-->src/main/AndroidManifest.xml:44:13-48
56            android:configChanges="orientation|screenSize|keyboardHidden"
56-->src/main/AndroidManifest.xml:47:13-74
57            android:label="Video Player"
57-->src/main/AndroidManifest.xml:45:13-41
58            android:screenOrientation="landscape" />
58-->src/main/AndroidManifest.xml:46:13-50
59
60        <provider
60-->[androidx.emoji2:emoji2:1.2.0] AndroidManifest.xml:24:9-32:20
61            android:name="androidx.startup.InitializationProvider"
61-->[androidx.emoji2:emoji2:1.2.0] AndroidManifest.xml:25:13-67
62            android:authorities="com.naxobrowser.androidx-startup"
62-->[androidx.emoji2:emoji2:1.2.0] AndroidManifest.xml:26:13-68
63            android:exported="false" >
63-->[androidx.emoji2:emoji2:1.2.0] AndroidManifest.xml:27:13-37
64            <meta-data
64-->[androidx.emoji2:emoji2:1.2.0] AndroidManifest.xml:29:13-31:52
65                android:name="androidx.emoji2.text.EmojiCompatInitializer"
65-->[androidx.emoji2:emoji2:1.2.0] AndroidManifest.xml:30:17-75
66                android:value="androidx.startup" />
66-->[androidx.emoji2:emoji2:1.2.0] AndroidManifest.xml:31:17-49
67            <meta-data
67-->[androidx.lifecycle:lifecycle-process:2.4.1] AndroidManifest.xml:31:13-33:52
68                android:name="androidx.lifecycle.ProcessLifecycleInitializer"
68-->[androidx.lifecycle:lifecycle-process:2.4.1] AndroidManifest.xml:32:17-78
69                android:value="androidx.startup" />
69-->[androidx.lifecycle:lifecycle-process:2.4.1] AndroidManifest.xml:33:17-49
70        </provider>
71    </application>
72
73</manifest>